\o Program:		@(#)$CDS: libManager version 6.1.6 - CAT33 08/24/2014 13:49 (sjfnl844) $
\o Sub version:		sub-version  s012 
\o Arguments:		-unmapped -mpssession virtuoso54960 -mpshost ssh-soc 
\o Working Directory:	ssh-soc:/ubc/ece/home/ugrads/l/l6w0b/Desktop/Cadence_49820153/cds
\o 64-bit offsets
\o Qt version: 		4.7.2
\o changeWorkingDir("/ubc/ece/home/ugrads/l/l6w0b/Desktop/Cadence_49820153/cds") unnecessary.
\o ddSetForcedLib("") unnecessary.
\o Log file is "/ubc/ece/home/ugrads/l/l6w0b/Desktop/Cadence_49820153/cds/libManager.log".
\o Opening libManager window.
\a nrSetWindowVisibility(cdsLibManager "show")
\o MPS service: map window
\o Library Manager customization server connected.
\a nrSetCurrentWindow(cdsLibManager)
\a nrResizeWindow(cdsLibManager list(7 84 600 421))
\a cdsLibManager->libListBox->value = "ELEC402"
\a cdsLibManager->libLineEdit->value = "ELEC402"
\a cdsLibManager->FileNewCVButton->value = t
\a cdsLibManager->FileNewCVButton->value = t
\a cdsLibManager->FileNewCVButton->value = t
\a cdsLibManager->libListBox->value = nil
\a nrListItemAction(cdsLibManager->libListBox "ELEC402" 0)
\a cdsLibManager->libListBox->value = "GSCLIB045"
\a cdsLibManager->libListBox->value = "ELEC402"
\a cdsLibManager->libLineEdit->value = "ELEC402"
\a nrSetCurrentWindow(cdsLibManager)
\a nrSetWindowVisibility(cdsLibManager "hide")
\o libManager is exiting.
\a exit(0)
