Checking out SoftShare license Phys_Ver_Sys_Results_Mgr 14.1 ... succeeded (1s).
********************************************************************************
pvstdb 14.12-s293 64 bit (Tue Nov 25 19:09:42 PST 2014)
Build Ref No.: 293 (11-25-2014) [pvs_1412]

Copyright 2014 Cadence Design Systems, Inc.
All rights reserved worldwide.

Build O/S:       Linux x86_64 2.6.18-194.el5
Executed on:     ssh-soc (Linux x86_64 2.6.32-754.12.1.el6.x86_64)
Starting Time:   Sat Nov  9 21:02:45 2019 (Sun Nov 10 05:02:45 2019 GMT)
With parameters: -sf /ubc/ece/home/ugrads/l/l6w0b/Desktop/Cadence_49820153/cds/PVSDRC/NAND3.drc_errors.ascii.index /ubc/ece/home/ugrads/l/l6w0b/Desktop/Cadence_49820153/cds/PVSDRC/NAND3.drc_errors.ascii /ubc/ece/home/ugrads/l/l6w0b/Desktop/Cadence_49820153/cds/PVSDRC/NAND3.drc_errors.ascii.pvstdb 
********************************************************************************

Waiting for write lock on /ubc/ece/home/ugrads/l/l6w0b/Desktop/Cadence_49820153/cds/PVSDRC/NAND3.drc_errors.ascii.index.
Obtained lock after 0 seconds.
pvstdb completed.
********************************************************************************
pvstdb 14.12-s293 64 bit (Tue Nov 25 19:09:42 PST 2014)
Build Ref No.: 293 (11-25-2014) [pvs_1412]

Copyright 2014 Cadence Design Systems, Inc.
All rights reserved worldwide.

Build O/S:       Linux x86_64 2.6.18-194.el5
Executed on:     ssh-soc (Linux x86_64 2.6.32-754.12.1.el6.x86_64)
Starting Time:   Sat Nov  9 21:08:46 2019 (Sun Nov 10 05:08:46 2019 GMT)
With parameters: -sf /ubc/ece/home/ugrads/l/l6w0b/Desktop/Cadence_49820153/cds/PVSDRC/NAND3.drc_errors.ascii.index /ubc/ece/home/ugrads/l/l6w0b/Desktop/Cadence_49820153/cds/PVSDRC/NAND3.drc_errors.ascii /ubc/ece/home/ugrads/l/l6w0b/Desktop/Cadence_49820153/cds/PVSDRC/NAND3.drc_errors.ascii.pvstdb 
********************************************************************************

Waiting for write lock on /ubc/ece/home/ugrads/l/l6w0b/Desktop/Cadence_49820153/cds/PVSDRC/NAND3.drc_errors.ascii.index.
Obtained lock after 0 seconds.
pvstdb completed.
********************************************************************************
pvstdb 14.12-s293 64 bit (Tue Nov 25 19:09:42 PST 2014)
Build Ref No.: 293 (11-25-2014) [pvs_1412]

Copyright 2014 Cadence Design Systems, Inc.
All rights reserved worldwide.

Build O/S:       Linux x86_64 2.6.18-194.el5
Executed on:     ssh-soc (Linux x86_64 2.6.32-754.12.1.el6.x86_64)
Starting Time:   Sat Nov  9 21:09:52 2019 (Sun Nov 10 05:09:52 2019 GMT)
With parameters: -sf /ubc/ece/home/ugrads/l/l6w0b/Desktop/Cadence_49820153/cds/PVSDRC/NAND3.drc_errors.ascii.index /ubc/ece/home/ugrads/l/l6w0b/Desktop/Cadence_49820153/cds/PVSDRC/NAND3.drc_errors.ascii /ubc/ece/home/ugrads/l/l6w0b/Desktop/Cadence_49820153/cds/PVSDRC/NAND3.drc_errors.ascii.pvstdb 
********************************************************************************

Waiting for write lock on /ubc/ece/home/ugrads/l/l6w0b/Desktop/Cadence_49820153/cds/PVSDRC/NAND3.drc_errors.ascii.index.
Obtained lock after 0 seconds.
pvstdb completed.
Checking in SoftShare license Phys_Ver_Sys_Results_Mgr ... succeeded (1s).
