ahdlcmicompile: Compiling ahdlcmi in input.ahdlSimDB//bsource.va.bsource_08102a.ahdlcmi/Linux-64/ for Linux-64 with optimize using gcc on Fri Nov  8 15:32:01 PST 2019 [5.0]
ahdlcmicompile: Generating makefile
PATH:  /CMC/tools/cadence/MMSIM13.11.292_lnx86/tools.lnx86/cdsgcc/gcc/4.1-x86_64/install/bin:/CMC/tools/cadence/MMSIM13.11.292_lnx86/bin:/CMC/tools/cadence/MMSIM13.11.292_lnx86/tools/bin/64bit:/CMC/tools/cadence/MMSIM13.11.292_lnx86/tools/bin:/CMC/tools/cadence/IC06.16.090_lnx86/bin:/CMC/tools/cadence/IC06.16.090_lnx86/tools/bin:/CMC/tools/cadence/IC06.16.090_lnx86/tools/bin/64bit:/CMC/tools/cadence/IC06.16.090_lnx86/share/oa/bin:/CMC/tools/cadence/ASSURA04.14.119-616_lnx86/tools/bin:/CMC/tools/cadence/ASSURA04.14.119-616_lnx86/tools/assura/bin:/CMC/tools/cadence/RC14.13.000_lnx86/tools/bin:/CMC/tools/cadence/EXT13.20.451_lnx86/bin:/CMC/tools/cadence/EXT13.20.451_lnx86/tools/bin:/CMC/tools/cadence/PVS14.12.000_lnx86/bin:/CMC/tools/cadence/PVS14.12.000_lnx86/tools/bin:/CMC/tools/cadence/CONFRML14.20.100_lnx86/bin:/CMC/tools/cadence/CONFRML14.20.100_lnx86/tools/cfm/bin:/CMC/tools/cadence/EDI14.13.000_lnx86/tools/bin:/CMC/tools/cadence/MMSIM13.11.292_lnx86/tools/dfII/bin:/CMC/tools/cadence/INCISIV14.10.015_lnx86/tools/bin:/CMC/kits/local/bin:/CMC/tools/cadence/IC06.16.090_lnx86/tools/dfII/local/bin:/CMC/tools/cadence/IC06.16.090_lnx86/tools/dfII/bin:/ubc/ece/home/ugrads/l/l6w0b/bin:/usr/games:/usr/lib64/qt-3.3/bin:/usr/local/bin:/bin:/usr/bin:/opt/MATLAB/R2016a/bin:/usr/local/sbin:/usr/sbin:/sbin:/opt/MATLAB/R2016a/bin:/opt/MATLAB/R2016a/bin:/opt/MATLAB/R2016a/bin:/opt/MATLAB/R2016a/bin:/CMC/tools/cadence/IC06.16.090_lnx86/tools/dracula/bin:/CMC/tools/cadence/INCISIV14.10.015_lnx86/bin:/CMC/tools/cadence/INCISIV14.10.015_lnx86/tools/systemc/gcc/bin:/CMC/tools/cadence/EDI14.13.000_lnx86/tools/ccopt/bin:/CMC/tools/cadence/CONFRML14.20.100_lnx86/bin:/CMC/tools/cadence/CONFRML14.20.100_lnx86/tools/bin:/CMC/tools/cadence/RC14.13.000_lnx86/bin:/CMC/tools/cadence/ASSURA04.14.119-616_lnx86/tools/bin:/CMC/tools/cadence/ASSURA04.14.119-616_lnx86/tools/assura/bin:/CMC/tools/cadence/EXT13.20.451_lnx86/tools/bin:/CMC/tools/cadence/PVS14.12.000_lnx86/bin
LD_LIBRARY_PATH:  /CMC/tools/cadence/MMSIM13.11.292_lnx86/tools.lnx86/cdsgcc/gcc/4.1-x86_64/install/lib:/CMC/tools/cadence/MMSIM13.11.292_lnx86/tools/giganta/lib/64bit:/CMC/tools/cadence/MMSIM13.11.292_lnx86/tools/mdl/lib/64bit:/CMC/tools/cadence/MMSIM13.11.292_lnx86/tools/mmsim/lib/64bit:/CMC/tools/cadence/MMSIM13.11.292_lnx86/tools/inca/lib/64bit:/CMC/tools/cadence/MMSIM13.11.292_lnx86/tools/spectre/lib/64bit:/CMC/tools/cadence/MMSIM13.11.292_lnx86/tools/dfII/lib/64bit:/CMC/tools/cadence/MMSIM13.11.292_lnx86/tools/lib/64bit:/CMC/tools/cadence/MMSIM13.11.292_lnx86/tools/lib:/CMC/tools/cadence/IC06.16.090_lnx86/tools/lib:/CMC/tools/cadence/IC06.16.090_lnx86/share/oa/lib/linux_rhel50_gcc44x_64/opt:/CMC/tools/cadence/IC06.16.090_lnx86/tools/Qt/64bit/lib:/CMC/tools/cadence/IC06.16.090_lnx86/tools/dfII/lib/64bit:/CMC/tools/cadence/IC06.16.090_lnx86/tools/sev/lib/64bit:/CMC/tools/cadence/IC06.16.090_lnx86/tools/lib/64bit:/CMC/tools/cadence/INCISIV14.10.015_lnx86/tools.lnx86/lib/64bit:/usr/lib64:/usr/lib64/nx/X11/Xinerama:/usr/lib64/nx/X11
/CMC/tools/cadence/MMSIM13.11.292_lnx86/tools.lnx86/spectre/ahdlcmi/bin/gnumake -j13 -f GNUmakefile
Cleaning ./obj/optimize/5.0
rm -f -rf ./obj/optimize/5.0
Compiling C file bsource_08102a_func.c (optimize) with -O0
Compiling C file bsource_08102a_DcFuncDerLoad.c (optimize)
Compiling C file bsource_08102a_DcFuncLoad.c (optimize)
Compiling C file bsource_08102a_TranFuncDerLoad.c (optimize)
/CMC/tools/cadence/MMSIM13.11.292_lnx86/tools.lnx86/spectre/ahdlcmi/bin/64bit/ahdlcc 0 /CMC/tools/cadence/MMSIM13.11.292_lnx86/tools.lnx86/cdsgcc/gcc/4.4/bin/gcc  -march=k8 -ffast-math -O0 -m64 -DSYSV -DSVR4 -D_REENTRANT -fPIC   -DconfigSPECTRE -I. -I/CMC/tools/cadence/MMSIM13.11.292_lnx86/tools.lnx86/spectre/ahdlcmi/include -c bsource_08102a_func.c -o obj/optimize/5.0/bsource_08102a_func.o || rm -f -f obj/optimize/5.0/bsource_08102a_func.o
/CMC/tools/cadence/MMSIM13.11.292_lnx86/tools.lnx86/spectre/ahdlcmi/bin/64bit/ahdlcc 0 /CMC/tools/cadence/MMSIM13.11.292_lnx86/tools.lnx86/cdsgcc/gcc/4.4/bin/gcc  -march=k8 -ffast-math -O3 -m64 -DSYSV -DSVR4 -D_REENTRANT -fPIC   -DconfigSPECTRE -I. -I/CMC/tools/cadence/MMSIM13.11.292_lnx86/tools.lnx86/spectre/ahdlcmi/include -c bsource_08102a_DcFuncDerLoad.c -o obj/optimize/5.0/bsource_08102a_DcFuncDerLoad.o || rm -f -f obj/optimize/5.0/bsource_08102a_DcFuncDerLoad.o
/CMC/tools/cadence/MMSIM13.11.292_lnx86/tools.lnx86/spectre/ahdlcmi/bin/64bit/ahdlcc 0 /CMC/tools/cadence/MMSIM13.11.292_lnx86/tools.lnx86/cdsgcc/gcc/4.4/bin/gcc  -march=k8 -ffast-math -O3 -m64 -DSYSV -DSVR4 -D_REENTRANT -fPIC   -DconfigSPECTRE -I. -I/CMC/tools/cadence/MMSIM13.11.292_lnx86/tools.lnx86/spectre/ahdlcmi/include -c bsource_08102a_DcFuncLoad.c -o obj/optimize/5.0/bsource_08102a_DcFuncLoad.o || rm -f -f obj/optimize/5.0/bsource_08102a_DcFuncLoad.o
Compiling C file bsource_08102a_TranFuncLoad.c (optimize)
/CMC/tools/cadence/MMSIM13.11.292_lnx86/tools.lnx86/spectre/ahdlcmi/bin/64bit/ahdlcc 0 /CMC/tools/cadence/MMSIM13.11.292_lnx86/tools.lnx86/cdsgcc/gcc/4.4/bin/gcc  -march=k8 -ffast-math -O3 -m64 -DSYSV -DSVR4 -D_REENTRANT -fPIC   -DconfigSPECTRE -I. -I/CMC/tools/cadence/MMSIM13.11.292_lnx86/tools.lnx86/spectre/ahdlcmi/include -c bsource_08102a_TranFuncDerLoad.c -o obj/optimize/5.0/bsource_08102a_TranFuncDerLoad.o || rm -f -f obj/optimize/5.0/bsource_08102a_TranFuncDerLoad.o
/CMC/tools/cadence/MMSIM13.11.292_lnx86/tools.lnx86/spectre/ahdlcmi/bin/64bit/ahdlcc 0 /CMC/tools/cadence/MMSIM13.11.292_lnx86/tools.lnx86/cdsgcc/gcc/4.4/bin/gcc  -march=k8 -ffast-math -O3 -m64 -DSYSV -DSVR4 -D_REENTRANT -fPIC   -DconfigSPECTRE -I. -I/CMC/tools/cadence/MMSIM13.11.292_lnx86/tools.lnx86/spectre/ahdlcmi/include -c bsource_08102a_TranFuncLoad.c -o obj/optimize/5.0/bsource_08102a_TranFuncLoad.o || rm -f -f obj/optimize/5.0/bsource_08102a_TranFuncLoad.o
Compiling C file bsource_08102a_HbFuncLoad.c (optimize)
/CMC/tools/cadence/MMSIM13.11.292_lnx86/tools.lnx86/spectre/ahdlcmi/bin/64bit/ahdlcc 0 /CMC/tools/cadence/MMSIM13.11.292_lnx86/tools.lnx86/cdsgcc/gcc/4.4/bin/gcc  -march=k8 -ffast-math -O3 -m64 -DSYSV -DSVR4 -D_REENTRANT -fPIC   -DconfigSPECTRE -I. -I/CMC/tools/cadence/MMSIM13.11.292_lnx86/tools.lnx86/spectre/ahdlcmi/include -c bsource_08102a_HbFuncLoad.c -o obj/optimize/5.0/bsource_08102a_HbFuncLoad.o || rm -f -f obj/optimize/5.0/bsource_08102a_HbFuncLoad.o
Compiling C file bsource_08102a_OpPointCalc.c (optimize)
Compiling C file bsource_08102a_cmi_c.c (optimize) with -O0
/CMC/tools/cadence/MMSIM13.11.292_lnx86/tools.lnx86/spectre/ahdlcmi/bin/64bit/ahdlcc 0 /CMC/tools/cadence/MMSIM13.11.292_lnx86/tools.lnx86/cdsgcc/gcc/4.4/bin/gcc  -march=k8 -ffast-math -O3 -m64 -DSYSV -DSVR4 -D_REENTRANT -fPIC   -DconfigSPECTRE -I. -I/CMC/tools/cadence/MMSIM13.11.292_lnx86/tools.lnx86/spectre/ahdlcmi/include -c bsource_08102a_OpPointCalc.c -o obj/optimize/5.0/bsource_08102a_OpPointCalc.o || rm -f -f obj/optimize/5.0/bsource_08102a_OpPointCalc.o
/CMC/tools/cadence/MMSIM13.11.292_lnx86/tools.lnx86/spectre/ahdlcmi/bin/64bit/ahdlcc 0 /CMC/tools/cadence/MMSIM13.11.292_lnx86/tools.lnx86/cdsgcc/gcc/4.4/bin/gcc  -march=k8 -ffast-math -O0 -m64 -DSYSV -DSVR4 -D_REENTRANT -fPIC   -DconfigSPECTRE -I. -I/CMC/tools/cadence/MMSIM13.11.292_lnx86/tools.lnx86/spectre/ahdlcmi/include -I/CMC/tools/cadence/MMSIM13.11.292_lnx86/tools.lnx86/cmi/include -c bsource_08102a_cmi_c.c -o obj/optimize/5.0/bsource_08102a_cmi_c.o || rm -f -f obj/optimize/5.0/bsource_08102a_cmi_c.o
<stdin>: In function 'bsource_08102a_pDC_Load':
<stdin>:736: warning: passing argument 1 of 'aslDevFillZeorDiagonalElemet' makes pointer from integer without a cast
/CMC/tools/cadence/MMSIM13.11.292_lnx86/tools.lnx86/spectre/ahdlcmi/include/ahdlDevLibGlobal.h:1983: note: expected 'void *' but argument is of type 'long int'
<stdin>: In function 'bsource_08102a_pCompare':
<stdin>:775: warning: assignment makes integer from pointer without a cast
<stdin>:775: warning: passing argument 1 of 'memcpy' makes pointer from integer without a cast
/usr/include/string.h:44: note: expected 'void * __restrict__' but argument is of type 'long int'
<stdin>:775: warning: passing argument 2 of 'memcpy' makes pointer from integer without a cast
/usr/include/string.h:44: note: expected 'const void * __restrict__' but argument is of type 'long int'
<stdin>:775: warning: assignment makes integer from pointer without a cast
<stdin>: In function 'bsource_08102a_pGetMatrixPointers':
<stdin>:781: warning: assignment makes integer from pointer without a cast
<stdin>: In function 'bsource_08102a_pAnalTranLoad':
<stdin>:828: warning: passing argument 1 of 'aslDevFillZeorDiagonalElemet' makes pointer from integer without a cast
/CMC/tools/cadence/MMSIM13.11.292_lnx86/tools.lnx86/spectre/ahdlcmi/include/ahdlDevLibGlobal.h:1983: note: expected 'void *' but argument is of type 'long int'
<stdin>: In function 'bsource_08102a_pNoiseBindSrcs':
<stdin>:854: warning: passing argument 3 of 'aslDevNoiseBindStartModel' discards qualifiers from pointer target type
/CMC/tools/cadence/MMSIM13.11.292_lnx86/tools.lnx86/spectre/ahdlcmi/include/ahdlDevLibGlobal.h:1051: note: expected 'char *' but argument is of type 'devModelID'
<stdin>: In function 'bsource_08102a_pNoiseNameSrcs':
<stdin>:857: warning: passing argument 3 of 'aslDevNoiseNameModel' discards qualifiers from pointer target type
/CMC/tools/cadence/MMSIM13.11.292_lnx86/tools.lnx86/spectre/ahdlcmi/include/ahdlDevLibGlobal.h:1061: note: expected 'char *' but argument is of type 'devModelID'
<stdin>: In function 'bsource_08102a_pSaveRestart':
<stdin>:863: warning: passing argument 2 of 'aslDevAvarSR' from incompatible pointer type
/CMC/tools/cadence/MMSIM13.11.292_lnx86/tools.lnx86/spectre/ahdlcmi/include/ahdlDevLibGlobal.h:1172: note: expected 'struct ahdlAnalogVar *' but argument is of type 'char *'
<stdin>: In function 'bsource_08102a_pSaveRestartInst':
<stdin>:866: warning: passing argument 2 of 'aslDevAvarSR' from incompatible pointer type
/CMC/tools/cadence/MMSIM13.11.292_lnx86/tools.lnx86/spectre/ahdlcmi/include/ahdlDevLibGlobal.h:1172: note: expected 'struct ahdlAnalogVar *' but argument is of type 'char *'
rm -f -rf bsource_08102a_DcFuncLoad.c
rm -f -rf bsource_08102a_TranFuncLoad.c
rm -f -rf bsource_08102a_OpPointCalc.c
rm -f -rf bsource_08102a_TranFuncDerLoad.c
rm -f -rf bsource_08102a_func.c
rm -f -rf bsource_08102a_HbFuncLoad.c
rm -f -rf bsource_08102a_DcFuncDerLoad.c
rm -f -rf bsource_08102a_cmi_c.c
/CMC/tools/cadence/MMSIM13.11.292_lnx86/tools.lnx86/cdsgcc/gcc/4.4/bin/gcc -shared -O3 -m64 -fPIC -o obj/optimize/5.0/bsource_08102a_libahdlcmi.so ./obj/optimize/5.0/bsource_08102a_func.o ./obj/optimize/5.0/bsource_08102a_DcFuncDerLoad.o ./obj/optimize/5.0/bsource_08102a_DcFuncLoad.o ./obj/optimize/5.0/bsource_08102a_TranFuncDerLoad.o ./obj/optimize/5.0/bsource_08102a_TranFuncLoad.o ./obj/optimize/5.0/bsource_08102a_HbFuncLoad.o ./obj/optimize/5.0/bsource_08102a_OpPointCalc.o ./obj/optimize/5.0/bsource_08102a_cmi_c.o  -Wl,-rpath,/usr/lib -Wl,-rpath,/lib -s 
