Begin Incremental Netlisting Nov  8 16:27:01 2019
End netlisting Nov  8 16:27:01 2019
Begin Incremental Netlisting Nov  8 16:27:18 2019
End netlisting Nov  8 16:27:18 2019
Begin Incremental Netlisting Nov  8 16:27:36 2019
End netlisting Nov  8 16:27:36 2019
Begin Incremental Netlisting Nov  8 16:27:58 2019
End netlisting Nov  8 16:27:58 2019
Begin Incremental Netlisting Nov  8 16:32:51 2019
End netlisting Nov  8 16:32:51 2019
Begin Incremental Netlisting Nov  8 16:34:51 2019
ERROR (OSSHNL-109): The cellview 'ELEC402/NAND3/schematic' has been modified
since the last extraction. Validate
that the schematic is correct and run Check
and Save to correct this error.

End netlisting Nov  8 16:34:51 2019
Begin Incremental Netlisting Nov  8 16:34:57 2019
End netlisting Nov  8 16:34:57 2019
Begin Incremental Netlisting Nov  8 16:36:11 2019
End netlisting Nov  8 16:36:11 2019
Begin Incremental Netlisting Nov  8 16:38:20 2019
End netlisting Nov  8 16:38:20 2019
Begin Incremental Netlisting Nov  8 16:39:55 2019
End netlisting Nov  8 16:39:55 2019
Begin Incremental Netlisting Nov  8 16:41:03 2019
End netlisting Nov  8 16:41:03 2019
Begin Incremental Netlisting Nov  8 16:44:05 2019
End netlisting Nov  8 16:44:05 2019
Begin Incremental Netlisting Nov  8 16:58:09 2019
End netlisting Nov  8 16:58:09 2019
Begin Incremental Netlisting Nov  8 16:59:48 2019
End netlisting Nov  8 16:59:48 2019
Begin Incremental Netlisting Nov  8 17:03:18 2019
End netlisting Nov  8 17:03:18 2019
Begin Incremental Netlisting Nov  8 17:05:12 2019
End netlisting Nov  8 17:05:13 2019
Begin Incremental Netlisting Nov  8 17:08:07 2019
End netlisting Nov  8 17:08:07 2019
Begin Incremental Netlisting Nov  8 17:10:16 2019
End netlisting Nov  8 17:10:16 2019
Begin Incremental Netlisting Nov  8 17:17:07 2019
End netlisting Nov  8 17:17:08 2019
Begin Incremental Netlisting Nov  8 17:19:21 2019
End netlisting Nov  8 17:19:21 2019
Begin Incremental Netlisting Nov  8 17:21:02 2019
End netlisting Nov  8 17:21:02 2019
Begin Incremental Netlisting Nov  8 17:22:18 2019
End netlisting Nov  8 17:22:18 2019
Begin Incremental Netlisting Nov  8 17:23:53 2019
End netlisting Nov  8 17:23:53 2019
Begin Incremental Netlisting Nov  8 17:26:11 2019
End netlisting Nov  8 17:26:11 2019
Begin Incremental Netlisting Nov  8 17:33:06 2019
End netlisting Nov  8 17:33:06 2019
